<?xml version="1.0" encoding="UTF-8"?>
<!-- Generated by org.testng.reporters.JUnitReportReporter -->
<testsuite hostname="gaurav-THINK" name="sanityTests.UIcheck" tests="3" failures="0" timestamp="29 Apr 2016 20:59:18 GMT" time="5.517" errors="0">
  <testcase name="checkLinks" time="0.145" classname="sanityTests.UIcheck"/>
  <testcase name="searchResults" time="0.085" classname="sanityTests.UIcheck"/>
  <testcase name="textFields" time="5.287" classname="sanityTests.UIcheck"/>
</testsuite> <!-- sanityTests.UIcheck -->
