<?xml version="1.0" encoding="UTF-8"?>
<!-- Generated by org.testng.reporters.JUnitReportReporter -->
<testsuite hostname="gaurav-THINK" name="sanityTests.UIcheck" tests="3" failures="0" timestamp="29 Apr 2016 05:31:47 GMT" time="5.750" errors="0">
  <testcase name="checkLinks" time="0.175" classname="sanityTests.UIcheck"/>
  <testcase name="searchResults" time="0.102" classname="sanityTests.UIcheck"/>
  <testcase name="textFields" time="5.473" classname="sanityTests.UIcheck"/>
</testsuite> <!-- sanityTests.UIcheck -->
